    OpenRGB v0.91
    Commit: d5ef41bb80f443ab0872211b3109d037912d3c3a from 2024-10-09 02:34:08 +0000
    Launched: 20241124_164012
====================================================================================================

1     |Info:    Found file: Low.orp attempting to validate header
2     |Info:    Valid v4 profile found for Low
60    |Info:    Initializing HID interfaces: Success
60    |Info:    ------------------------------------------------------
60    |Info:    |               Start device detection               |
60    |Info:    ------------------------------------------------------
68    |Info:    ------------------------------------------------------
68    |Info:    |             Detecting I2C interfaces               |
68    |Info:    ------------------------------------------------------
68    |Info:    Registering I2C interface: /dev/i2c-3 Device 1002:164E Subsystem: 1849:364E
68    |Info:    Registering I2C interface: /dev/i2c-10 Device 1022:790B Subsystem: 1849:790B
68    |Info:    Registering I2C interface: /dev/i2c-1 Device 0000:0000 Subsystem: 0000:0000
68    |Info:    Registering I2C interface: /dev/i2c-17 Device 10DE:2689 Subsystem: 1043:89B9
68    |Warning: [i2c_smbus_linux] Failed to read i2c device PCI device ID
68    |Info:    Registering I2C interface: /dev/i2c-8 Device 0000:0000 Subsystem: 0000:0000
69    |Info:    Registering I2C interface: /dev/i2c-15 Device 10DE:2689 Subsystem: 1043:89B9
69    |Warning: [i2c_smbus_linux] Failed to read i2c device PCI device ID
69    |Info:    Registering I2C interface: /dev/i2c-6 Device 0000:0000 Subsystem: 0000:0000
69    |Info:    Registering I2C interface: /dev/i2c-13 Device 10DE:2689 Subsystem: 1043:89B9
69    |Info:    Registering I2C interface: /dev/i2c-4 Device 1002:164E Subsystem: 1849:364E
69    |Info:    Registering I2C interface: /dev/i2c-11 Device 1022:790B Subsystem: 1849:790B
69    |Info:    Registering I2C interface: /dev/i2c-2 Device 1002:164E Subsystem: 1849:364E
69    |Info:    Registering I2C interface: /dev/i2c-0 Device 0000:0000 Subsystem: 0000:0000
69    |Info:    Registering I2C interface: /dev/i2c-9 Device 1022:790B Subsystem: 1849:790B
69    |Info:    Registering I2C interface: /dev/i2c-16 Device 10DE:2689 Subsystem: 1043:89B9
69    |Warning: [i2c_smbus_linux] Failed to read i2c device PCI device ID
69    |Info:    Registering I2C interface: /dev/i2c-7 Device 0000:0000 Subsystem: 0000:0000
69    |Info:    Registering I2C interface: /dev/i2c-14 Device 10DE:2689 Subsystem: 1043:89B9
69    |Info:    Registering I2C interface: /dev/i2c-5 Device 1002:164E Subsystem: 1849:364E
70    |Warning: [i2c_smbus_linux] Failed to read i2c device PCI device ID
70    |Info:    Registering I2C interface: /dev/i2c-MSFT8000:00 Device 0000:0000 Subsystem: 0000:0000
70    |Info:    Registering I2C interface: /dev/i2c-12 Device 10DE:2689 Subsystem: 1043:89B9
70    |Info:    ------------------------------------------------------
70    |Info:    |               Detecting I2C devices                |
70    |Info:    ------------------------------------------------------
1139  |Info:    ------------------------------------------------------
1139  |Info:    |               Detecting I2C PCI devices            |
1139  |Info:    ------------------------------------------------------
1140  |Info:    ------------------------------------------------------
1140  |Info:    |               Detecting HID devices                |
1140  |Info:    ------------------------------------------------------
1140  |Info:    [Keychron Gaming Keyboard 1] Registering RGB controller
1223  |Info:    [ASRock X870 Pro RS] Registering RGB controller
1223  |Info:    ------------------------------------------------------
1223  |Info:    |            Detecting libusb HID devices            |
1223  |Info:    ------------------------------------------------------
1223  |Info:    ------------------------------------------------------
1223  |Info:    |              Detecting other devices               |
1223  |Info:    ------------------------------------------------------
1290  |Info:    [ResourceManager] Calling Post-detection callbacks
1290  |Info:    ------------------------------------------------------
1290  |Info:    |                Detection completed                 |
1290  |Info:    ------------------------------------------------------
1290  |Dialog:  <h2>Some internal devices may not be detected:</h2><p>One or more I2C or SMBus interfaces failed to initialize.</p><p><b>RGB DRAM modules, some motherboards' onboard RGB lighting, and RGB Graphics Cards, will not be available in OpenRGB</b> without I2C or SMBus.</p><h4>How to fix this:</h4><p>On Linux, this is usually because the i2c-dev module is not loaded.</p><p>You must load the i2c-dev module along with the correct i2c driver for your motherboard. This is usually i2c-piix4 for AMD systems and i2c-i801 for Intel systems.</p><p>See <a href='https://help.openrgb.org/'>help.openrgb.org</a> for additional troubleshooting steps if you keep seeing this message.<br></p><h3>If you are not using internal RGB on a desktop this message is not important to you.</h3>
1291  |Info:    NetworkServer: Network connection thread started on port 6742
