    OpenRGB v0.91
    Commit: d5ef41bb80f443ab0872211b3109d037912d3c3a from 2024-10-09 02:34:08 +0000
    Launched: 20241219_005410
====================================================================================================

0     |Info:    Found file: Low.orp attempting to validate header
0     |Info:    Valid v4 profile found for Low
53    |Info:    Initializing HID interfaces: Success
53    |Info:    ------------------------------------------------------
53    |Info:    |               Start device detection               |
53    |Info:    ------------------------------------------------------
62    |Info:    ------------------------------------------------------
62    |Info:    |             Detecting I2C interfaces               |
62    |Info:    ------------------------------------------------------
64    |Info:    Registering I2C interface: /dev/i2c-3 Device 1002:164E Subsystem: 1849:364E
64    |Info:    Registering I2C interface: /dev/i2c-10 Device 1022:790B Subsystem: 1849:790B
64    |Info:    Registering I2C interface: /dev/i2c-1 Device 0000:0000 Subsystem: 0000:0000
64    |Info:    Registering I2C interface: /dev/i2c-17 Device 10DE:2689 Subsystem: 1043:89B9
64    |Warning: [i2c_smbus_linux] Failed to read i2c device PCI device ID
64    |Info:    Registering I2C interface: /dev/i2c-8 Device 0000:0000 Subsystem: 0000:0000
64    |Info:    Registering I2C interface: /dev/i2c-15 Device 10DE:2689 Subsystem: 1043:89B9
64    |Warning: [i2c_smbus_linux] Failed to read i2c device PCI device ID
64    |Info:    Registering I2C interface: /dev/i2c-6 Device 0000:0000 Subsystem: 0000:0000
64    |Info:    Registering I2C interface: /dev/i2c-13 Device 10DE:2689 Subsystem: 1043:89B9
64    |Info:    Registering I2C interface: /dev/i2c-4 Device 1002:164E Subsystem: 1849:364E
64    |Info:    Registering I2C interface: /dev/i2c-11 Device 1022:790B Subsystem: 1849:790B
64    |Info:    Registering I2C interface: /dev/i2c-2 Device 1002:164E Subsystem: 1849:364E
65    |Info:    Registering I2C interface: /dev/i2c-0 Device 0000:0000 Subsystem: 0000:0000
65    |Info:    Registering I2C interface: /dev/i2c-9 Device 1022:790B Subsystem: 1849:790B
65    |Info:    Registering I2C interface: /dev/i2c-16 Device 10DE:2689 Subsystem: 1043:89B9
65    |Warning: [i2c_smbus_linux] Failed to read i2c device PCI device ID
65    |Info:    Registering I2C interface: /dev/i2c-7 Device 0000:0000 Subsystem: 0000:0000
65    |Info:    Registering I2C interface: /dev/i2c-14 Device 10DE:2689 Subsystem: 1043:89B9
65    |Info:    Registering I2C interface: /dev/i2c-5 Device 1002:164E Subsystem: 1849:364E
65    |Warning: [i2c_smbus_linux] Failed to read i2c device PCI device ID
65    |Info:    Registering I2C interface: /dev/i2c-MSFT8000:00 Device 0000:0000 Subsystem: 0000:0000
65    |Info:    Registering I2C interface: /dev/i2c-12 Device 10DE:2689 Subsystem: 1043:89B9
65    |Info:    ------------------------------------------------------
65    |Info:    |               Detecting I2C devices                |
65    |Info:    ------------------------------------------------------
1162  |Info:    ------------------------------------------------------
1162  |Info:    |               Detecting I2C PCI devices            |
1162  |Info:    ------------------------------------------------------
1164  |Info:    ------------------------------------------------------
1164  |Info:    |               Detecting HID devices                |
1164  |Info:    ------------------------------------------------------
1164  |Info:    [Keychron Gaming Keyboard 1] Registering RGB controller
1190  |Info:    [ASRock X870 Pro RS] Registering RGB controller
1190  |Info:    ------------------------------------------------------
1190  |Info:    |            Detecting libusb HID devices            |
1190  |Info:    ------------------------------------------------------
1247  |Info:    ------------------------------------------------------
1247  |Info:    |              Detecting other devices               |
1247  |Info:    ------------------------------------------------------
1264  |Info:    [ResourceManager] Calling Post-detection callbacks
1264  |Info:    ------------------------------------------------------
1264  |Info:    |                Detection completed                 |
1264  |Info:    ------------------------------------------------------
1264  |Dialog:  <h2>Some internal devices may not be detected:</h2><p>One or more I2C or SMBus interfaces failed to initialize.</p><p><b>RGB DRAM modules, some motherboards' onboard RGB lighting, and RGB Graphics Cards, will not be available in OpenRGB</b> without I2C or SMBus.</p><h4>How to fix this:</h4><p>On Linux, this is usually because the i2c-dev module is not loaded.</p><p>You must load the i2c-dev module along with the correct i2c driver for your motherboard. This is usually i2c-piix4 for AMD systems and i2c-i801 for Intel systems.</p><p>See <a href='https://help.openrgb.org/'>help.openrgb.org</a> for additional troubleshooting steps if you keep seeing this message.<br></p><h3>If you are not using internal RGB on a desktop this message is not important to you.</h3>
